[2026-05-08T07:35:35Z] YouTube Links Processor started
  Processing file: 20260508T054148Z.md
[2026-05-08T07:35:35Z] Processing: https://youtu.be/krEDel3aGGw?si=cpspNxde_7Qbd77F (Language: 中文/Chinese)
  ✅ 报告: krEDel3aGGw_report.md (Chinese 中文)
  ✅ 脑图: krEDel3aGGw_mindmap.json (中文)
  Processing file: test-001.md
[2026-05-08T07:36:05Z] Skipping invalid URL: https://www.youtube.com/watch?v=dQw4w9WgXcQ
  Processing file: test-second-cycle.md
[2026-05-08T07:36:05Z] Processing: https://youtu.be/krEDel3aGGw?si=cpspNxde_7Qbd77F (Language: 中文/Chinese)
  ✅ 报告: krEDel3aGGw_report.md (Chinese 中文)
  ✅ 脑图: krEDel3aGGw_mindmap.json (中文)
  Processing file: test-validation-001.md
[2026-05-08T07:36:45Z] Skipping invalid URL: https://www.youtube.com/watch?v=kCc8FmEb1nY"
  Processing file: test-validation-002.md
[2026-05-08T07:36:45Z] Skipping invalid URL: https://www.youtube.com/watch?v=dQw4w9WgXcQ"
[main 205011d] chore: add notebooklm analysis (auto-processor)
 2 files changed, 216 insertions(+)
 create mode 100644 raw/notebooklm-analysis/krEDel3aGGw_report.md
 create mode 100644 raw/notebooklm-mindmaps/krEDel3aGGw_mindmap.json
[2026-05-08T07:36:45Z] Successfully pushed video analyses
[2026-05-08T07:36:45Z] Completed
